8.6122 	WARNING 	User requested fullscreen with size [1024  768], but screen is actually [1440, 900]. Using actual size
10.1794 	WARNING 	Couldn't measure a consistent frame rate!
  - Is your graphics card set to sync to vertical blank?
  - Are you running other processes on your computer?

10.1817 	EXP 	Created window1 = Window(allowGUI=True, allowStencil=False, autoLog=True, backendConf=UNKNOWN, backgroundFit=<method-wrapper '__getattribute__' of attributeSetter object at 0x7f857af2abb0>, backgroundImage=<method-wrapper '__getattribute__' of attributeSetter object at 0x7f857af2ab50>, bitsMode=UNKNOWN, blendMode='avg', bpc=(8, 8, 8), color=array([0, 0, 0]), colorSpace='rgb', depthBits=8, fullscr=<method-wrapper '__getattribute__' of attributeSetter object at 0x7f857af2a9a0>, gamma=None, gammaErrorPolicy='raise', lms=UNKNOWN, monitor=<psychopy.monitors.calibTools.Monitor object at 0x7f859930f160>, multiSample=False, name='window1', numSamples=2, pos=[360.0, 225.0], screen=0, size=array([2880, 1800]), stencilBits=0, stereo=False, title='PsychoPy', units='height', useFBO=True, useRetina=True, viewOri=0.0, viewPos=None, viewScale=None, waitBlanking=True, winType='pyglet')
10.1934 	EXP 	window1: mouseVisible = True
10.1940 	EXP 	window1: backgroundImage = ''
10.1940 	EXP 	window1: backgroundFit = 'none'
10.1982 	EXP 	window1: Attempting to measure frame rate of screen (0) ...
10.1983 	EXP 	window1: recordFrameIntervals = False
10.2796 	EXP 	window1: recordFrameIntervals = True
11.1337 	WARNING 	Couldn't measure a consistent frame rate!
  - Is your graphics card set to sync to vertical blank?
  - Are you running other processes on your computer?

11.1351 	EXP 	window1: mouseVisible = False
15.3930 	EXP 	experiment: status = STARTED
15.4406 	EXP 	window1: mouseVisible = True
15.4487 	EXP 	Created fixation = ShapeStim(__class__=<class 'psychopy.visual.shape.ShapeStim'>, anchor=('center', 'center'), autoDraw=False, autoLog=True, closeShape=True, color=method-wrapper(...), colorSpace='rgb', contrast=None, depth=0.0, draggable=False, fillColor=array([1, 1, 1]), fillColorSpace='rgb', fillRGB=array([1, 1, 1]), interpolate=True, lineColor=array([1., 1., 1.]), lineColorSpace='rgb', lineRGB=array([1, 1, 1]), lineWidth=1.0, name='fixation', opacity=1.0, ori=0.0, pos=array([0., 0.]), size=array([0.2, 0.2]), units='height', vertices=ndarray(...), win=Window(...), windingRule=None)
15.4621 	EXP 	window1: mouseVisible = True
15.5212 	EXP 	Created image = ImageStim(__class__=<class 'psychopy.visual.image.ImageStim'>, anchor=('center', 'center'), autoLog=True, color=array([1., 1., 1.]), colorSpace='rgb', contrast=1.0, depth=-1.0, draggable=False, flipHoriz=False, flipVert=False, image='default.png', interpolate=True, mask=None, maskParams=None, name='image', opacity=1.0, ori=0.0, pos=array([0., 0.]), size=array([1.2, 0.9]), texRes=128.0, units='height', win=Window(...))
15.5248 	EXP 	window1: mouseVisible = True
15.6228 	EXP 	Created text_norm = TextStim(__class__=<class 'psychopy.visual.text.TextStim'>, alignHoriz=method-wrapper(...), alignText='center', alignVert=method-wrapper(...), anchorHoriz='center', anchorVert='center', antialias=True, autoDraw=False, autoLog=True, bold=False, color=array([1., 1., 1.]), colorSpace='rgb', contrast=1.0, depth=0.0, draggable=False, flipHoriz=False, flipVert=False, font='Arial', fontFiles=[], height=0.1, italic=False, languageStyle='LTR', name='text_norm', opacity=1.0, ori=0.0, pos=array([0., 0.]), rgb=UNKNOWN, text=str(...), units='height', win=Window(...), wrapWidth=1.8)
15.6262 	EXP 	window1: mouseVisible = True
15.6420 	EXP 	Created text_countdown = TextStim(__class__=<class 'psychopy.visual.text.TextStim'>, alignHoriz=method-wrapper(...), alignText='center', alignVert=method-wrapper(...), anchorHoriz='center', anchorVert='center', antialias=True, autoDraw=False, autoLog=True, bold=False, color=array([1., 1., 1.]), colorSpace='rgb', contrast=1.0, depth=0.0, draggable=False, flipHoriz=False, flipVert=False, font='Open Sans', fontFiles=[], height=0.1, italic=False, languageStyle='LTR', name='text_countdown', opacity=1.0, ori=0.0, pos=array([0., 0.]), rgb=UNKNOWN, text='', units='height', win=Window(...), wrapWidth=1)
15.6454 	EXP 	window1: mouseVisible = True
15.6519 	EXP 	Created text = TextStim(__class__=<class 'psychopy.visual.text.TextStim'>, alignHoriz=method-wrapper(...), alignText='center', alignVert=method-wrapper(...), anchorHoriz='center', anchorVert='center', antialias=True, autoDraw=False, autoLog=True, bold=False, color=array([1., 1., 1.]), colorSpace='rgb', contrast=1.0, depth=0.0, draggable=False, flipHoriz=False, flipVert=False, font='Open Sans', fontFiles=[], height=0.05, italic=False, languageStyle='LTR', name='text', opacity=1.0, ori=0.0, pos=array([0., 0.]), rgb=UNKNOWN, text='instructions for test phase', units='height', win=Window(...), wrapWidth=1)
15.6550 	EXP 	window1: mouseVisible = True
15.6649 	EXP 	Created img = ImageStim(__class__=<class 'psychopy.visual.image.ImageStim'>, anchor=('center', 'center'), autoLog=True, color=array([1., 1., 1.]), colorSpace='rgb', contrast=1.0, depth=0.0, draggable=False, flipHoriz=False, flipVert=False, image='default.png', interpolate=True, mask=None, maskParams=None, name='img', opacity=1.0, ori=0.0, pos=array([0., 0.]), size=array([1.2, 0.9]), texRes=128.0, units='height', win=Window(...))
0.1019 	EXP 	Imported t.xlsx as conditions, 23 conditions, 3 params
0.1043 	EXP 	Created sequence: random, trialTypes=23, nReps=1, seed=None
0.1044 	EXP 	New trial (rep=0, index=0): {'pic': None, 'correct_response': None, 'shown_before': None}
0.1318 	WARNING 	t of last frame was 51.57ms (=1/19)
0.1318 	EXP 	image: image = None
0.1318 	EXP 	fixation: autoDraw = True
0.4983 	EXP 	image: autoDraw = True
0.6310 	EXP 	fixation: autoDraw = False
1.1508 	WARNING 	t of last frame was 35.81ms (=1/27)
1.9838 	EXP 	New trial (rep=0, index=1): {'pic': 'Col2.JPG', 'correct_response': 'c', 'shown_before': 1}
2.0219 	WARNING 	t of last frame was 40.19ms (=1/24)
2.0219 	EXP 	image: autoDraw = False
2.0219 	EXP 	fixation: autoDraw = False
2.0219 	EXP 	image: autoDraw = False
2.0219 	EXP 	image: image = 'Col2.JPG'
2.0219 	EXP 	fixation: autoDraw = True
2.2724 	WARNING 	t of last frame was 34.47ms (=1/29)
2.3000 	WARNING 	Multiple dropped frames have occurred - I'll stop bothering you about them!
2.5032 	EXP 	image: autoDraw = True
2.5213 	EXP 	fixation: autoDraw = False
3.9885 	EXP 	New trial (rep=0, index=2): {'pic': None, 'correct_response': None, 'shown_before': None}
3.9981 	EXP 	image: autoDraw = False
3.9981 	EXP 	fixation: autoDraw = False
3.9981 	EXP 	image: autoDraw = False
3.9981 	EXP 	image: image = None
3.9981 	EXP 	fixation: autoDraw = True
4.4863 	EXP 	fixation: autoDraw = False
4.4987 	EXP 	image: autoDraw = True
5.9833 	EXP 	New trial (rep=0, index=3): {'pic': 'Col1.JPG', 'correct_response': 'c', 'shown_before': 1}
6.0211 	EXP 	image: autoDraw = False
6.0211 	EXP 	fixation: autoDraw = False
6.0211 	EXP 	image: autoDraw = False
6.0211 	EXP 	image: image = 'Col1.JPG'
6.0211 	EXP 	fixation: autoDraw = True
6.4974 	EXP 	image: autoDraw = True
6.5147 	EXP 	fixation: autoDraw = False
7.9817 	EXP 	New trial (rep=0, index=4): {'pic': None, 'correct_response': None, 'shown_before': None}
7.9872 	EXP 	image: autoDraw = False
7.9872 	EXP 	fixation: autoDraw = False
7.9872 	EXP 	image: autoDraw = False
7.9872 	EXP 	image: image = None
7.9983 	EXP 	fixation: autoDraw = True
8.4864 	EXP 	fixation: autoDraw = False
8.4986 	EXP 	image: autoDraw = True
9.9834 	EXP 	New trial (rep=0, index=5): {'pic': None, 'correct_response': None, 'shown_before': None}
9.9899 	EXP 	image: autoDraw = False
9.9899 	EXP 	fixation: autoDraw = False
9.9899 	EXP 	image: autoDraw = False
9.9899 	EXP 	image: image = None
9.9974 	EXP 	fixation: autoDraw = True
10.4870 	EXP 	fixation: autoDraw = False
10.4986 	EXP 	image: autoDraw = True
11.9854 	EXP 	New trial (rep=0, index=6): {'pic': 'Col4.JPG', 'correct_response': 'c', 'shown_before': 1}
12.0290 	EXP 	image: autoDraw = False
12.0290 	EXP 	fixation: autoDraw = False
12.0290 	EXP 	image: autoDraw = False
12.0290 	EXP 	image: image = 'Col4.JPG'
12.0290 	EXP 	fixation: autoDraw = True
12.4981 	EXP 	image: autoDraw = True
12.5216 	EXP 	fixation: autoDraw = False
13.9829 	EXP 	New trial (rep=0, index=7): {'pic': 'Col3.JPG', 'correct_response': 'c', 'shown_before': 1}
14.0079 	EXP 	image: autoDraw = False
14.0079 	EXP 	fixation: autoDraw = False
14.0079 	EXP 	image: autoDraw = False
14.0079 	EXP 	image: image = 'Col3.JPG'
14.0079 	EXP 	fixation: autoDraw = True
14.4974 	EXP 	image: autoDraw = True
14.5044 	EXP 	fixation: autoDraw = False
15.9840 	EXP 	New trial (rep=0, index=8): {'pic': 'Bnw3 .JPG', 'correct_response': 'b', 'shown_before': 1}
15.9979 	EXP 	image: autoDraw = False
15.9979 	EXP 	fixation: autoDraw = False
15.9979 	EXP 	image: autoDraw = False
15.9979 	EXP 	image: image = 'Bnw3 .JPG'
16.0030 	EXP 	fixation: autoDraw = True
16.4986 	EXP 	fixation: autoDraw = False
16.4986 	EXP 	image: autoDraw = True
17.9830 	EXP 	New trial (rep=0, index=9): {'pic': None, 'correct_response': None, 'shown_before': None}
17.9892 	EXP 	image: autoDraw = False
17.9892 	EXP 	fixation: autoDraw = False
17.9892 	EXP 	image: autoDraw = False
17.9892 	EXP 	image: image = None
17.9983 	EXP 	fixation: autoDraw = True
18.4874 	EXP 	fixation: autoDraw = False
18.4989 	EXP 	image: autoDraw = True
19.9836 	EXP 	New trial (rep=0, index=10): {'pic': 'Col5.JPG', 'correct_response': 'c', 'shown_before': 1}
20.0256 	EXP 	image: autoDraw = False
20.0256 	EXP 	fixation: autoDraw = False
20.0256 	EXP 	image: autoDraw = False
20.0256 	EXP 	image: image = 'Col5.JPG'
20.0256 	EXP 	fixation: autoDraw = True
20.4983 	EXP 	image: autoDraw = True
20.5214 	EXP 	fixation: autoDraw = False
21.9834 	EXP 	New trial (rep=0, index=11): {'pic': None, 'correct_response': None, 'shown_before': None}
21.9895 	EXP 	image: autoDraw = False
21.9895 	EXP 	fixation: autoDraw = False
21.9895 	EXP 	image: autoDraw = False
21.9895 	EXP 	image: image = None
21.9979 	EXP 	fixation: autoDraw = True
22.4871 	EXP 	fixation: autoDraw = False
22.4989 	EXP 	image: autoDraw = True
23.9836 	EXP 	New trial (rep=0, index=12): {'pic': None, 'correct_response': None, 'shown_before': None}
23.9895 	EXP 	image: autoDraw = False
23.9895 	EXP 	fixation: autoDraw = False
23.9895 	EXP 	image: autoDraw = False
23.9895 	EXP 	image: image = None
23.9984 	EXP 	fixation: autoDraw = True
24.4868 	EXP 	fixation: autoDraw = False
24.4994 	EXP 	image: autoDraw = True
25.9839 	EXP 	New trial (rep=0, index=13): {'pic': 'Bnw2.JPG', 'correct_response': 'b', 'shown_before': 1}
26.0079 	EXP 	image: autoDraw = False
26.0079 	EXP 	fixation: autoDraw = False
26.0079 	EXP 	image: autoDraw = False
26.0079 	EXP 	image: image = 'Bnw2.JPG'
26.0079 	EXP 	fixation: autoDraw = True
26.4980 	EXP 	image: autoDraw = True
26.5049 	EXP 	fixation: autoDraw = False
27.9833 	EXP 	New trial (rep=0, index=14): {'pic': None, 'correct_response': None, 'shown_before': None}
27.9901 	EXP 	image: autoDraw = False
27.9901 	EXP 	fixation: autoDraw = False
27.9901 	EXP 	image: autoDraw = False
27.9901 	EXP 	image: image = None
27.9979 	EXP 	fixation: autoDraw = True
28.4873 	EXP 	fixation: autoDraw = False
28.4990 	EXP 	image: autoDraw = True
29.9841 	EXP 	New trial (rep=0, index=15): {'pic': 'Col6.JPG', 'correct_response': 'c', 'shown_before': 1}
30.0037 	EXP 	image: autoDraw = False
30.0037 	EXP 	fixation: autoDraw = False
30.0037 	EXP 	image: autoDraw = False
30.0037 	EXP 	image: image = 'Col6.JPG'
30.0156 	EXP 	fixation: autoDraw = True
30.4985 	EXP 	image: autoDraw = True
30.5061 	EXP 	fixation: autoDraw = False
31.9833 	EXP 	New trial (rep=0, index=16): {'pic': 'Bnw4.JPG', 'correct_response': 'b', 'shown_before': 1}
32.0256 	EXP 	image: autoDraw = False
32.0256 	EXP 	fixation: autoDraw = False
32.0256 	EXP 	image: autoDraw = False
32.0256 	EXP 	image: image = 'Bnw4.JPG'
32.0256 	EXP 	fixation: autoDraw = True
32.4981 	EXP 	image: autoDraw = True
32.5253 	EXP 	fixation: autoDraw = False
33.9834 	EXP 	New trial (rep=0, index=17): {'pic': 'Bnw1.jpeg', 'correct_response': 'b', 'shown_before': 1}
34.0022 	EXP 	image: autoDraw = False
34.0022 	EXP 	fixation: autoDraw = False
34.0022 	EXP 	image: autoDraw = False
34.0022 	EXP 	image: image = 'Bnw1.jpeg'
34.0157 	EXP 	fixation: autoDraw = True
34.4982 	EXP 	image: autoDraw = True
34.5056 	EXP 	fixation: autoDraw = False
35.9834 	EXP 	New trial (rep=0, index=18): {'pic': 'Bnw5.JPG', 'correct_response': 'b', 'shown_before': 1}
36.0017 	EXP 	image: autoDraw = False
36.0017 	EXP 	fixation: autoDraw = False
36.0017 	EXP 	image: autoDraw = False
36.0017 	EXP 	image: image = 'Bnw5.JPG'
36.0156 	EXP 	fixation: autoDraw = True
36.4981 	EXP 	image: autoDraw = True
36.5052 	EXP 	fixation: autoDraw = False
37.9832 	EXP 	New trial (rep=0, index=19): {'pic': None, 'correct_response': None, 'shown_before': None}
37.9888 	EXP 	image: autoDraw = False
37.9888 	EXP 	fixation: autoDraw = False
37.9888 	EXP 	image: autoDraw = False
37.9888 	EXP 	image: image = None
37.9983 	EXP 	fixation: autoDraw = True
38.4876 	EXP 	fixation: autoDraw = False
38.5014 	EXP 	image: autoDraw = True
39.9910 	EXP 	New trial (rep=0, index=20): {'pic': None, 'correct_response': None, 'shown_before': None}
40.0016 	EXP 	image: autoDraw = False
40.0016 	EXP 	fixation: autoDraw = False
40.0016 	EXP 	image: autoDraw = False
40.0016 	EXP 	image: image = None
40.0016 	EXP 	fixation: autoDraw = True
40.4992 	EXP 	fixation: autoDraw = False
40.4992 	EXP 	image: autoDraw = True
41.9841 	EXP 	New trial (rep=0, index=21): {'pic': None, 'correct_response': None, 'shown_before': None}
41.9928 	EXP 	image: autoDraw = False
41.9928 	EXP 	fixation: autoDraw = False
41.9928 	EXP 	image: autoDraw = False
41.9928 	EXP 	image: image = None
41.9928 	EXP 	fixation: autoDraw = True
42.4868 	EXP 	fixation: autoDraw = False
42.4993 	EXP 	image: autoDraw = True
43.9847 	EXP 	New trial (rep=0, index=22): {'pic': 'Bnw6.JPG', 'correct_response': 'b', 'shown_before': 1}
44.0258 	EXP 	image: autoDraw = False
44.0258 	EXP 	fixation: autoDraw = False
44.0258 	EXP 	image: autoDraw = False
44.0258 	EXP 	image: image = 'Bnw6.JPG'
44.0258 	EXP 	fixation: autoDraw = True
44.4983 	EXP 	image: autoDraw = True
44.5216 	EXP 	fixation: autoDraw = False
45.9887 	EXP 	image: autoDraw = False
45.9887 	EXP 	fixation: autoDraw = False
45.9887 	EXP 	image: autoDraw = False
46.0581 	EXP 	text_norm: autoDraw = True
141.3484 	EXP 	text_norm: autoDraw = False
141.3484 	EXP 	text_countdown: autoDraw = True
151.2894 	EXP 	text_countdown: autoDraw = False
151.2894 	EXP 	text: autoDraw = True
152.2184 	EXP 	Imported color_images.xlsx as conditions, 24 conditions, 3 params
152.2259 	EXP 	Created sequence: random, trialTypes=24, nReps=1, seed=None
152.2265 	EXP 	New trial (rep=0, index=0): {'pic': 'Col8.JPG', 'correct_response': 'c', 'shown_before': 0}
152.2543 	EXP 	text: autoDraw = False
152.2543 	EXP 	img: image = 'Col8.JPG'
152.2543 	EXP 	img: autoDraw = True
153.9621 	EXP 	New trial (rep=0, index=1): {'pic': 'Col6.JPG', 'correct_response': 'c', 'shown_before': 1}
153.9782 	EXP 	img: autoDraw = False
153.9782 	EXP 	img: image = 'Col6.JPG'
153.9782 	EXP 	img: autoDraw = True
154.6376 	EXP 	New trial (rep=0, index=2): {'pic': 'Col2.JPG', 'correct_response': 'c', 'shown_before': 1}
154.6617 	EXP 	img: autoDraw = False
154.6617 	EXP 	img: image = 'Col2.JPG'
154.6617 	EXP 	img: autoDraw = True
155.2033 	EXP 	New trial (rep=0, index=3): {'pic': 'Col10.JPG', 'correct_response': 'c', 'shown_before': 0}
155.2312 	EXP 	img: autoDraw = False
155.2312 	EXP 	img: image = 'Col10.JPG'
155.2312 	EXP 	img: autoDraw = True
155.6373 	EXP 	New trial (rep=0, index=4): {'pic': 'Bnw4.JPG', 'correct_response': 'b', 'shown_before': 1}
155.6750 	EXP 	img: autoDraw = False
155.6750 	EXP 	img: image = 'Bnw4.JPG'
155.6750 	EXP 	img: autoDraw = True
155.9447 	EXP 	New trial (rep=0, index=5): {'pic': 'Bnw2.JPG', 'correct_response': 'b', 'shown_before': 1}
155.9658 	EXP 	img: autoDraw = False
155.9658 	EXP 	img: image = 'Bnw2.JPG'
155.9658 	EXP 	img: autoDraw = True
156.1601 	EXP 	New trial (rep=0, index=6): {'pic': 'Bnw9.JPG', 'correct_response': 'b', 'shown_before': 0}
156.1849 	EXP 	img: autoDraw = False
156.1849 	EXP 	img: image = 'Bnw9.JPG'
156.1849 	EXP 	img: autoDraw = True
156.3206 	EXP 	New trial (rep=0, index=7): {'pic': 'Bnw12.JPG', 'correct_response': 'b', 'shown_before': 0}
156.3406 	EXP 	img: autoDraw = False
156.3406 	EXP 	img: image = 'Bnw12.JPG'
156.3406 	EXP 	img: autoDraw = True
156.4695 	EXP 	New trial (rep=0, index=8): {'pic': 'Bnw10.JPG', 'correct_response': 'b', 'shown_before': 0}
156.5957 	EXP 	img: autoDraw = False
156.5957 	EXP 	img: image = 'Bnw10.JPG'
156.5957 	EXP 	img: autoDraw = True
156.6357 	EXP 	New trial (rep=0, index=9): {'pic': 'Bnw7.JPG', 'correct_response': 'b', 'shown_before': 0}
156.6596 	EXP 	img: autoDraw = False
156.6596 	EXP 	img: image = 'Bnw7.JPG'
156.6596 	EXP 	img: autoDraw = True
156.7421 	EXP 	New trial (rep=0, index=10): {'pic': 'Col5.JPG', 'correct_response': 'c', 'shown_before': 1}
156.7621 	EXP 	img: autoDraw = False
156.7621 	EXP 	img: image = 'Col5.JPG'
156.7621 	EXP 	img: autoDraw = True
157.0194 	EXP 	New trial (rep=0, index=11): {'pic': 'Bnw8.JPG', 'correct_response': 'b', 'shown_before': 0}
157.0456 	EXP 	img: autoDraw = False
157.0456 	EXP 	img: image = 'Bnw8.JPG'
157.0456 	EXP 	img: autoDraw = True
157.1873 	EXP 	New trial (rep=0, index=12): {'pic': 'Col12.JPG', 'correct_response': 'c', 'shown_before': 0}
157.2311 	EXP 	img: autoDraw = False
157.2311 	EXP 	img: image = 'Col12.JPG'
157.2311 	EXP 	img: autoDraw = True
157.3196 	EXP 	New trial (rep=0, index=13): {'pic': 'Col3.JPG', 'correct_response': 'c', 'shown_before': 1}
157.3367 	EXP 	img: autoDraw = False
157.3367 	EXP 	img: image = 'Col3.JPG'
157.3367 	EXP 	img: autoDraw = True
157.4425 	EXP 	New trial (rep=0, index=14): {'pic': 'Col9.JPG', 'correct_response': 'c', 'shown_before': 0}
157.4751 	EXP 	img: autoDraw = False
157.4751 	EXP 	img: image = 'Col9.JPG'
157.4751 	EXP 	img: autoDraw = True
157.5700 	EXP 	New trial (rep=0, index=15): {'pic': 'Bnw5.JPG', 'correct_response': 'b', 'shown_before': 1}
157.5866 	EXP 	img: autoDraw = False
157.5866 	EXP 	img: image = 'Bnw5.JPG'
157.5866 	EXP 	img: autoDraw = True
157.7633 	EXP 	New trial (rep=0, index=16): {'pic': 'Col4.JPG', 'correct_response': 'c', 'shown_before': 1}
157.7937 	EXP 	img: autoDraw = False
157.7937 	EXP 	img: image = 'Col4.JPG'
157.7937 	EXP 	img: autoDraw = True
157.8203 	EXP 	New trial (rep=0, index=17): {'pic': 'Col11.JPG', 'correct_response': 'c', 'shown_before': 0}
157.8499 	EXP 	img: autoDraw = False
157.8499 	EXP 	img: image = 'Col11.JPG'
157.8499 	EXP 	img: autoDraw = True
158.0192 	EXP 	New trial (rep=0, index=18): {'pic': 'Bnw3 .JPG', 'correct_response': 'b', 'shown_before': 1}
158.0399 	EXP 	img: autoDraw = False
158.0399 	EXP 	img: image = 'Bnw3 .JPG'
158.0399 	EXP 	img: autoDraw = True
158.0701 	EXP 	New trial (rep=0, index=19): {'pic': 'Col1.JPG', 'correct_response': 'c', 'shown_before': 1}
158.0928 	EXP 	img: autoDraw = False
158.0928 	EXP 	img: image = 'Col1.JPG'
158.0928 	EXP 	img: autoDraw = True
158.2691 	EXP 	New trial (rep=0, index=20): {'pic': 'Bnw1.jpeg', 'correct_response': 'b', 'shown_before': 1}
158.2861 	EXP 	img: autoDraw = False
158.2861 	EXP 	img: image = 'Bnw1.jpeg'
158.2861 	EXP 	img: autoDraw = True
158.4276 	EXP 	New trial (rep=0, index=21): {'pic': 'Bnw6.JPG', 'correct_response': 'b', 'shown_before': 1}
158.4558 	EXP 	img: autoDraw = False
158.4558 	EXP 	img: image = 'Bnw6.JPG'
158.4558 	EXP 	img: autoDraw = True
158.5428 	EXP 	New trial (rep=0, index=22): {'pic': 'Bnw11.JPG', 'correct_response': 'b', 'shown_before': 0}
158.5790 	EXP 	img: autoDraw = False
158.5790 	EXP 	img: image = 'Bnw11.JPG'
158.5790 	EXP 	img: autoDraw = True
158.6774 	EXP 	New trial (rep=0, index=23): {'pic': 'Col7.jpg', 'correct_response': 'c', 'shown_before': 0}
158.7470 	EXP 	img: autoDraw = False
158.7470 	EXP 	img: image = 'Col7.jpg'
158.7470 	EXP 	img: autoDraw = True
158.8184 	EXP 	img: autoDraw = False
158.8193 	EXP 	experiment: status = STOPPED
159.1223 	EXP 	window1: mouseVisible = True
