7.4454 	WARNING 	User requested fullscreen with size [1024  768], but screen is actually [1440, 900]. Using actual size
8.9617 	WARNING 	Couldn't measure a consistent frame rate!
  - Is your graphics card set to sync to vertical blank?
  - Are you running other processes on your computer?

8.9673 	EXP 	Created window1 = Window(allowGUI=True, allowStencil=False, autoLog=True, backendConf=UNKNOWN, backgroundFit=<method-wrapper '__getattribute__' of attributeSetter object at 0x7f8ca1aebaf0>, backgroundImage=<method-wrapper '__getattribute__' of attributeSetter object at 0x7f8ca1aeba90>, bitsMode=UNKNOWN, blendMode='avg', bpc=(8, 8, 8), color=array([0, 0, 0]), colorSpace='rgb', depthBits=8, fullscr=<method-wrapper '__getattribute__' of attributeSetter object at 0x7f8ca1aeb8e0>, gamma=None, gammaErrorPolicy='raise', lms=UNKNOWN, monitor=<psychopy.monitors.calibTools.Monitor object at 0x7f8cc2b660a0>, multiSample=False, name='window1', numSamples=2, pos=[360.0, 225.0], screen=0, size=array([2880, 1800]), stencilBits=0, stereo=False, title='PsychoPy', units='height', useFBO=True, useRetina=True, viewOri=0.0, viewPos=None, viewScale=None, waitBlanking=True, winType='pyglet')
8.9751 	EXP 	window1: mouseVisible = True
8.9752 	EXP 	window1: backgroundImage = ''
8.9752 	EXP 	window1: backgroundFit = 'none'
8.9787 	EXP 	window1: Attempting to measure frame rate of screen (0) ...
8.9787 	EXP 	window1: recordFrameIntervals = False
9.0615 	EXP 	window1: recordFrameIntervals = True
9.8955 	WARNING 	Couldn't measure a consistent frame rate!
  - Is your graphics card set to sync to vertical blank?
  - Are you running other processes on your computer?

9.8985 	EXP 	window1: mouseVisible = False
13.6463 	EXP 	experiment: status = STARTED
13.6519 	EXP 	window1: mouseVisible = True
13.6566 	EXP 	Created fixation = ShapeStim(__class__=<class 'psychopy.visual.shape.ShapeStim'>, anchor=('center', 'center'), autoDraw=False, autoLog=True, closeShape=True, color=method-wrapper(...), colorSpace='rgb', contrast=None, depth=0.0, draggable=False, fillColor=array([1, 1, 1]), fillColorSpace='rgb', fillRGB=array([1, 1, 1]), interpolate=True, lineColor=array([1., 1., 1.]), lineColorSpace='rgb', lineRGB=array([1, 1, 1]), lineWidth=1.0, name='fixation', opacity=1.0, ori=0.0, pos=array([0., 0.]), size=array([0.2, 0.2]), units='height', vertices=ndarray(...), win=Window(...), windingRule=None)
13.6598 	EXP 	window1: mouseVisible = True
13.7077 	EXP 	Created image = ImageStim(__class__=<class 'psychopy.visual.image.ImageStim'>, anchor=('center', 'center'), autoLog=True, color=array([1., 1., 1.]), colorSpace='rgb', contrast=1.0, depth=-1.0, draggable=False, flipHoriz=False, flipVert=False, image='default.png', interpolate=True, mask=None, maskParams=None, name='image', opacity=1.0, ori=0.0, pos=array([0., 0.]), size=array([1.2, 0.9]), texRes=128.0, units='height', win=Window(...))
13.7115 	EXP 	window1: mouseVisible = True
13.7882 	EXP 	Created text_norm = TextStim(__class__=<class 'psychopy.visual.text.TextStim'>, alignHoriz=method-wrapper(...), alignText='center', alignVert=method-wrapper(...), anchorHoriz='center', anchorVert='center', antialias=True, autoDraw=False, autoLog=True, bold=False, color=array([1., 1., 1.]), colorSpace='rgb', contrast=1.0, depth=0.0, draggable=False, flipHoriz=False, flipVert=False, font='Arial', fontFiles=[], height=0.1, italic=False, languageStyle='LTR', name='text_norm', opacity=1.0, ori=0.0, pos=array([0., 0.]), rgb=UNKNOWN, text=str(...), units='height', win=Window(...), wrapWidth=1.8)
13.7919 	EXP 	window1: mouseVisible = True
13.8054 	EXP 	Created text_countdown = TextStim(__class__=<class 'psychopy.visual.text.TextStim'>, alignHoriz=method-wrapper(...), alignText='center', alignVert=method-wrapper(...), anchorHoriz='center', anchorVert='center', antialias=True, autoDraw=False, autoLog=True, bold=False, color=array([1., 1., 1.]), colorSpace='rgb', contrast=1.0, depth=0.0, draggable=False, flipHoriz=False, flipVert=False, font='Open Sans', fontFiles=[], height=0.1, italic=False, languageStyle='LTR', name='text_countdown', opacity=1.0, ori=0.0, pos=array([0., 0.]), rgb=UNKNOWN, text='', units='height', win=Window(...), wrapWidth=1)
13.8087 	EXP 	window1: mouseVisible = True
13.8153 	EXP 	Created text = TextStim(__class__=<class 'psychopy.visual.text.TextStim'>, alignHoriz=method-wrapper(...), alignText='center', alignVert=method-wrapper(...), anchorHoriz='center', anchorVert='center', antialias=True, autoDraw=False, autoLog=True, bold=False, color=array([1., 1., 1.]), colorSpace='rgb', contrast=1.0, depth=0.0, draggable=False, flipHoriz=False, flipVert=False, font='Open Sans', fontFiles=[], height=0.05, italic=False, languageStyle='LTR', name='text', opacity=1.0, ori=0.0, pos=array([0., 0.]), rgb=UNKNOWN, text='instructions for test phase', units='height', win=Window(...), wrapWidth=1)
13.8183 	EXP 	window1: mouseVisible = True
13.8283 	EXP 	Created img = ImageStim(__class__=<class 'psychopy.visual.image.ImageStim'>, anchor=('center', 'center'), autoLog=True, color=array([1., 1., 1.]), colorSpace='rgb', contrast=1.0, depth=0.0, draggable=False, flipHoriz=False, flipVert=False, image='default.png', interpolate=True, mask=None, maskParams=None, name='img', opacity=1.0, ori=0.0, pos=array([0., 0.]), size=array([1.2, 0.9]), texRes=128.0, units='height', win=Window(...))
0.0547 	EXP 	Imported color_images.xlsx as conditions, 23 conditions, 1 params
0.0567 	EXP 	Created sequence: random, trialTypes=23, nReps=1, seed=None
0.0569 	EXP 	New trial (rep=0, index=0): {'pic': 'Bnw8.JPG'}
0.0980 	WARNING 	t of last frame was 60.83ms (=1/16)
0.0980 	EXP 	image: image = 'Bnw8.JPG'
0.0980 	EXP 	fixation: autoDraw = True
0.4979 	EXP 	image: autoDraw = True
0.5934 	EXP 	fixation: autoDraw = False
1.9861 	EXP 	New trial (rep=0, index=1): {'pic': 'Col8.JPG'}
2.0030 	EXP 	image: autoDraw = False
2.0030 	EXP 	fixation: autoDraw = False
2.0030 	EXP 	image: autoDraw = False
2.0030 	EXP 	image: image = 'Col8.JPG'
2.0030 	EXP 	fixation: autoDraw = True
2.4935 	EXP 	image: autoDraw = True
2.5004 	EXP 	fixation: autoDraw = False
3.8604 	WARNING 	t of last frame was 26.77ms (=1/37)
3.9783 	EXP 	New trial (rep=0, index=2): {'pic': 'Bnw6.JPG'}
4.0130 	WARNING 	t of last frame was 35.98ms (=1/27)
4.0130 	EXP 	image: autoDraw = False
4.0130 	EXP 	fixation: autoDraw = False
4.0130 	EXP 	image: autoDraw = False
4.0130 	EXP 	image: image = 'Bnw6.JPG'
4.0130 	EXP 	fixation: autoDraw = True
4.4937 	EXP 	image: autoDraw = True
4.5103 	EXP 	fixation: autoDraw = False
5.9781 	EXP 	New trial (rep=0, index=3): {'pic': 'Bnw4.JPG'}
6.0168 	WARNING 	t of last frame was 39.73ms (=1/25)
6.0168 	EXP 	image: autoDraw = False
6.0168 	EXP 	fixation: autoDraw = False
6.0168 	EXP 	image: autoDraw = False
6.0168 	EXP 	image: image = 'Bnw4.JPG'
6.0168 	EXP 	fixation: autoDraw = True
6.4938 	EXP 	image: autoDraw = True
6.5100 	EXP 	fixation: autoDraw = False
7.9786 	EXP 	New trial (rep=0, index=4): {'pic': 'Bnw10.JPG'}
7.9810 	DEPRECATION 	Couldn't find image Bnw10.JPG; check path? (tried: /Users/pushkarsingh/Documents/01 University/02 Experimental Psychology/03 muskan_experiment/Bnw10.JPG)
8.1579 	EXP 	window1: mouseVisible = True
