7.6051 	WARNING 	User requested fullscreen with size [1024  768], but screen is actually [1440, 900]. Using actual size
9.0518 	WARNING 	Couldn't measure a consistent frame rate!
  - Is your graphics card set to sync to vertical blank?
  - Are you running other processes on your computer?

9.0539 	EXP 	Created window1 = Window(allowGUI=True, allowStencil=False, autoLog=True, backendConf=UNKNOWN, backgroundFit=<method-wrapper '__getattribute__' of attributeSetter object at 0x7fda23d01be0>, backgroundImage=<method-wrapper '__getattribute__' of attributeSetter object at 0x7fda23d01b80>, bitsMode=UNKNOWN, blendMode='avg', bpc=(8, 8, 8), color=array([0, 0, 0]), colorSpace='rgb', depthBits=8, fullscr=<method-wrapper '__getattribute__' of attributeSetter object at 0x7fda23d019d0>, gamma=None, gammaErrorPolicy='raise', lms=UNKNOWN, monitor=<psychopy.monitors.calibTools.Monitor object at 0x7fda342c4190>, multiSample=False, name='window1', numSamples=2, pos=[360.0, 225.0], screen=0, size=array([2880, 1800]), stencilBits=0, stereo=False, title='PsychoPy', units='height', useFBO=True, useRetina=True, viewOri=0.0, viewPos=None, viewScale=None, waitBlanking=True, winType='pyglet')
9.0618 	EXP 	window1: mouseVisible = True
9.0619 	EXP 	window1: backgroundImage = ''
9.0619 	EXP 	window1: backgroundFit = 'none'
9.0655 	EXP 	window1: Attempting to measure frame rate of screen (0) ...
9.0655 	EXP 	window1: recordFrameIntervals = False
9.1512 	EXP 	window1: recordFrameIntervals = True
9.9855 	WARNING 	Couldn't measure a consistent frame rate!
  - Is your graphics card set to sync to vertical blank?
  - Are you running other processes on your computer?

9.9877 	EXP 	window1: mouseVisible = False
13.4885 	EXP 	experiment: status = STARTED
13.4938 	EXP 	window1: mouseVisible = True
13.4976 	EXP 	Created fixation = ShapeStim(__class__=<class 'psychopy.visual.shape.ShapeStim'>, anchor=('center', 'center'), autoDraw=False, autoLog=True, closeShape=True, color=method-wrapper(...), colorSpace='rgb', contrast=None, depth=0.0, draggable=False, fillColor=array([1, 1, 1]), fillColorSpace='rgb', fillRGB=array([1, 1, 1]), interpolate=True, lineColor=array([1., 1., 1.]), lineColorSpace='rgb', lineRGB=array([1, 1, 1]), lineWidth=1.0, name='fixation', opacity=1.0, ori=0.0, pos=array([0., 0.]), size=array([0.2, 0.2]), units='height', vertices=ndarray(...), win=Window(...), windingRule=None)
13.5011 	EXP 	window1: mouseVisible = True
13.5264 	EXP 	Created image = ImageStim(__class__=<class 'psychopy.visual.image.ImageStim'>, anchor=('center', 'center'), autoLog=True, color=array([1., 1., 1.]), colorSpace='rgb', contrast=1.0, depth=-1.0, draggable=False, flipHoriz=False, flipVert=False, image='default.png', interpolate=True, mask=None, maskParams=None, name='image', opacity=1.0, ori=0.0, pos=array([0., 0.]), size=array([1.2, 0.9]), texRes=128.0, units='height', win=Window(...))
0.0602 	EXP 	Imported color_images.xlsx as conditions, 23 conditions, 1 params
0.0628 	EXP 	Created sequence: random, trialTypes=23, nReps=1, seed=None
0.0630 	EXP 	New trial (rep=0, index=0): {'pic': 'Bnw4.JPG'}
0.0633 	DEPRECATION 	Couldn't find image Bnw4.JPG; check path? (tried: /Users/pushkarsingh/Documents/01 University/02 Experimental Psychology/03 muskan_experiment/Bnw4.JPG)
0.1276 	EXP 	window1: mouseVisible = True
