18.2440 	WARNING 	User requested fullscreen with size [1024  768], but screen is actually [1440, 900]. Using actual size
19.5429 	WARNING 	Couldn't measure a consistent frame rate!
  - Is your graphics card set to sync to vertical blank?
  - Are you running other processes on your computer?

19.5435 	EXP 	Created window1 = Window(allowGUI=True, allowStencil=False, autoLog=True, backendConf=UNKNOWN, backgroundFit=<method-wrapper '__getattribute__' of attributeSetter object at 0x7ff6544f3ac0>, backgroundImage=<method-wrapper '__getattribute__' of attributeSetter object at 0x7ff6544f3a60>, bitsMode=UNKNOWN, blendMode='avg', bpc=(8, 8, 8), color=array([0, 0, 0]), colorSpace='rgb', depthBits=8, fullscr=<method-wrapper '__getattribute__' of attributeSetter object at 0x7ff6544f38b0>, gamma=None, gammaErrorPolicy='raise', lms=UNKNOWN, monitor=<psychopy.monitors.calibTools.Monitor object at 0x7ff6611e8070>, multiSample=False, name='window1', numSamples=2, pos=[360.0, 225.0], screen=0, size=array([2880, 1800]), stencilBits=0, stereo=False, title='PsychoPy', units='height', useFBO=True, useRetina=True, viewOri=0.0, viewPos=None, viewScale=None, waitBlanking=True, winType='pyglet')
19.5508 	EXP 	window1: mouseVisible = True
19.5509 	EXP 	window1: backgroundImage = ''
19.5509 	EXP 	window1: backgroundFit = 'none'
19.5544 	EXP 	window1: Attempting to measure frame rate of screen (0) ...
19.5545 	EXP 	window1: recordFrameIntervals = False
19.6597 	EXP 	window1: recordFrameIntervals = True
20.4994 	WARNING 	Couldn't measure a consistent frame rate!
  - Is your graphics card set to sync to vertical blank?
  - Are you running other processes on your computer?

20.5004 	EXP 	window1: mouseVisible = False
22.6900 	EXP 	experiment: status = STARTED
22.6943 	EXP 	window1: mouseVisible = True
22.6976 	EXP 	Created fixation = ShapeStim(__class__=<class 'psychopy.visual.shape.ShapeStim'>, anchor=('center', 'center'), autoDraw=False, autoLog=True, closeShape=True, color=method-wrapper(...), colorSpace='rgb', contrast=None, depth=0.0, draggable=False, fillColor=array([1, 1, 1]), fillColorSpace='rgb', fillRGB=array([1, 1, 1]), interpolate=True, lineColor=array([1., 1., 1.]), lineColorSpace='rgb', lineRGB=array([1, 1, 1]), lineWidth=1.0, name='fixation', opacity=1.0, ori=0.0, pos=array([0., 0.]), size=array([0.2, 0.2]), units='height', vertices=ndarray(...), win=Window(...), windingRule=None)
22.7007 	EXP 	window1: mouseVisible = True
22.7244 	EXP 	Created image = ImageStim(__class__=<class 'psychopy.visual.image.ImageStim'>, anchor=('center', 'center'), autoLog=True, color=array([1., 1., 1.]), colorSpace='rgb', contrast=1.0, depth=-1.0, draggable=False, flipHoriz=False, flipVert=False, image='default.png', interpolate=True, mask=None, maskParams=None, name='image', opacity=1.0, ori=0.0, pos=array([0., 0.]), size=array([1.2, 0.9]), texRes=128.0, units='height', win=Window(...))
22.7278 	EXP 	window1: mouseVisible = True
22.7656 	EXP 	Created text_norm = TextStim(__class__=<class 'psychopy.visual.text.TextStim'>, alignHoriz=method-wrapper(...), alignText='center', alignVert=method-wrapper(...), anchorHoriz='center', anchorVert='center', antialias=True, autoDraw=False, autoLog=True, bold=False, color=array([1., 1., 1.]), colorSpace='rgb', contrast=1.0, depth=0.0, draggable=False, flipHoriz=False, flipVert=False, font='Arial', fontFiles=[], height=0.1, italic=False, languageStyle='LTR', name='text_norm', opacity=1.0, ori=0.0, pos=array([0., 0.]), rgb=UNKNOWN, text=str(...), units='height', win=Window(...), wrapWidth=1.8)
22.7689 	EXP 	window1: mouseVisible = True
22.7715 	EXP 	Created text_countdown = TextStim(__class__=<class 'psychopy.visual.text.TextStim'>, alignHoriz=method-wrapper(...), alignText='center', alignVert=method-wrapper(...), anchorHoriz='center', anchorVert='center', antialias=True, autoDraw=False, autoLog=True, bold=False, color=array([1., 1., 1.]), colorSpace='rgb', contrast=1.0, depth=0.0, draggable=False, flipHoriz=False, flipVert=False, font='Open Sans', fontFiles=[], height=0.1, italic=False, languageStyle='LTR', name='text_countdown', opacity=1.0, ori=0.0, pos=array([0., 0.]), rgb=UNKNOWN, text='', units='height', win=Window(...), wrapWidth=1)
22.7745 	EXP 	window1: mouseVisible = True
22.7804 	EXP 	Created text = TextStim(__class__=<class 'psychopy.visual.text.TextStim'>, alignHoriz=method-wrapper(...), alignText='center', alignVert=method-wrapper(...), anchorHoriz='center', anchorVert='center', antialias=True, autoDraw=False, autoLog=True, bold=False, color=array([1., 1., 1.]), colorSpace='rgb', contrast=1.0, depth=0.0, draggable=False, flipHoriz=False, flipVert=False, font='Open Sans', fontFiles=[], height=0.05, italic=False, languageStyle='LTR', name='text', opacity=1.0, ori=0.0, pos=array([0., 0.]), rgb=UNKNOWN, text='instructions for test phase', units='height', win=Window(...), wrapWidth=1)
22.7835 	EXP 	window1: mouseVisible = True
22.7933 	EXP 	Created img = ImageStim(__class__=<class 'psychopy.visual.image.ImageStim'>, anchor=('center', 'center'), autoLog=True, color=array([1., 1., 1.]), colorSpace='rgb', contrast=1.0, depth=0.0, draggable=False, flipHoriz=False, flipVert=False, image='default.png', interpolate=True, mask=None, maskParams=None, name='img', opacity=1.0, ori=0.0, pos=array([0., 0.]), size=array([1.2, 0.9]), texRes=128.0, units='height', win=Window(...))
0.0167 	EXP 	Imported prep.xlsx as conditions, 12 conditions, 3 params
0.0188 	EXP 	Created sequence: random, trialTypes=12, nReps=1, seed=None
0.0189 	EXP 	New trial (rep=0, index=0): {'pic': 'Col3.JPG', 'correct_response': 'c', 'shown_before': 1}
0.0371 	WARNING 	t of last frame was 26.42ms (=1/37)
0.0371 	EXP 	image: image = 'Col3.JPG'
0.0371 	EXP 	fixation: autoDraw = True
0.4951 	EXP 	image: autoDraw = True
0.5325 	EXP 	fixation: autoDraw = False
1.9837 	EXP 	New trial (rep=0, index=1): {'pic': 'Bnw3 .JPG', 'correct_response': 'b', 'shown_before': 1}
2.0123 	WARNING 	t of last frame was 29.62ms (=1/33)
2.0123 	EXP 	image: autoDraw = False
2.0123 	EXP 	fixation: autoDraw = False
2.0123 	EXP 	image: autoDraw = False
2.0123 	EXP 	image: image = 'Bnw3 .JPG'
2.0123 	EXP 	fixation: autoDraw = True
2.4917 	EXP 	image: autoDraw = True
2.5068 	EXP 	fixation: autoDraw = False
3.9838 	EXP 	New trial (rep=0, index=2): {'pic': 'Bnw2.JPG', 'correct_response': 'b', 'shown_before': 1}
4.0041 	WARNING 	t of last frame was 21.42ms (=1/46)
4.0041 	EXP 	image: autoDraw = False
4.0041 	EXP 	fixation: autoDraw = False
4.0041 	EXP 	image: autoDraw = False
4.0041 	EXP 	image: image = 'Bnw2.JPG'
4.0041 	EXP 	fixation: autoDraw = True
4.4922 	EXP 	image: autoDraw = True
4.4990 	EXP 	fixation: autoDraw = False
5.9841 	EXP 	New trial (rep=0, index=3): {'pic': 'Col1.JPG', 'correct_response': 'c', 'shown_before': 1}
6.0182 	WARNING 	t of last frame was 35.15ms (=1/28)
6.0182 	EXP 	image: autoDraw = False
6.0182 	EXP 	fixation: autoDraw = False
6.0182 	EXP 	image: autoDraw = False
6.0182 	EXP 	image: image = 'Col1.JPG'
6.0182 	EXP 	fixation: autoDraw = True
6.4919 	EXP 	image: autoDraw = True
6.5161 	EXP 	fixation: autoDraw = False
7.9835 	EXP 	New trial (rep=0, index=4): {'pic': 'Col5.JPG', 'correct_response': 'c', 'shown_before': 1}
8.0175 	WARNING 	Multiple dropped frames have occurred - I'll stop bothering you about them!
8.0174 	EXP 	image: autoDraw = False
8.0174 	EXP 	fixation: autoDraw = False
8.0174 	EXP 	image: autoDraw = False
8.0174 	EXP 	image: image = 'Col5.JPG'
8.0174 	EXP 	fixation: autoDraw = True
8.4922 	EXP 	image: autoDraw = True
8.5072 	EXP 	fixation: autoDraw = False
9.9841 	EXP 	New trial (rep=0, index=5): {'pic': 'Col6.JPG', 'correct_response': 'c', 'shown_before': 1}
10.0023 	EXP 	image: autoDraw = False
10.0023 	EXP 	fixation: autoDraw = False
10.0023 	EXP 	image: autoDraw = False
10.0023 	EXP 	image: image = 'Col6.JPG'
10.0023 	EXP 	fixation: autoDraw = True
10.4929 	EXP 	image: autoDraw = True
10.4997 	EXP 	fixation: autoDraw = False
11.9769 	EXP 	New trial (rep=0, index=6): {'pic': 'Bnw4.JPG', 'correct_response': 'b', 'shown_before': 1}
12.0118 	EXP 	image: autoDraw = False
12.0118 	EXP 	fixation: autoDraw = False
12.0118 	EXP 	image: autoDraw = False
12.0118 	EXP 	image: image = 'Bnw4.JPG'
12.0118 	EXP 	fixation: autoDraw = True
12.4921 	EXP 	image: autoDraw = True
12.5072 	EXP 	fixation: autoDraw = False
13.9841 	EXP 	New trial (rep=0, index=7): {'pic': 'Col4.JPG', 'correct_response': 'c', 'shown_before': 1}
14.0176 	EXP 	image: autoDraw = False
14.0176 	EXP 	fixation: autoDraw = False
14.0176 	EXP 	image: autoDraw = False
14.0176 	EXP 	image: image = 'Col4.JPG'
14.0176 	EXP 	fixation: autoDraw = True
14.4914 	EXP 	image: autoDraw = True
14.5163 	EXP 	fixation: autoDraw = False
15.9842 	EXP 	New trial (rep=0, index=8): {'pic': 'Bnw5.JPG', 'correct_response': 'b', 'shown_before': 1}
16.0044 	EXP 	image: autoDraw = False
16.0044 	EXP 	fixation: autoDraw = False
16.0044 	EXP 	image: autoDraw = False
16.0044 	EXP 	image: image = 'Bnw5.JPG'
16.0044 	EXP 	fixation: autoDraw = True
16.4920 	EXP 	image: autoDraw = True
16.4988 	EXP 	fixation: autoDraw = False
17.9841 	EXP 	New trial (rep=0, index=9): {'pic': 'Bnw1.jpeg', 'correct_response': 'b', 'shown_before': 1}
18.0026 	EXP 	image: autoDraw = False
18.0026 	EXP 	fixation: autoDraw = False
18.0026 	EXP 	image: autoDraw = False
18.0026 	EXP 	image: image = 'Bnw1.jpeg'
18.0026 	EXP 	fixation: autoDraw = True
18.4925 	EXP 	image: autoDraw = True
18.4994 	EXP 	fixation: autoDraw = False
19.9843 	EXP 	New trial (rep=0, index=10): {'pic': 'Bnw6.JPG', 'correct_response': 'b', 'shown_before': 1}
20.0150 	EXP 	image: autoDraw = False
20.0150 	EXP 	fixation: autoDraw = False
20.0150 	EXP 	image: autoDraw = False
20.0150 	EXP 	image: image = 'Bnw6.JPG'
20.0150 	EXP 	fixation: autoDraw = True
20.4925 	EXP 	image: autoDraw = True
20.5074 	EXP 	fixation: autoDraw = False
21.9846 	EXP 	New trial (rep=0, index=11): {'pic': 'Col2.JPG', 'correct_response': 'c', 'shown_before': 1}
22.0067 	EXP 	image: autoDraw = False
22.0067 	EXP 	fixation: autoDraw = False
22.0067 	EXP 	image: autoDraw = False
22.0067 	EXP 	image: image = 'Col2.JPG'
22.0067 	EXP 	fixation: autoDraw = True
22.4921 	EXP 	image: autoDraw = True
22.4990 	EXP 	fixation: autoDraw = False
23.9983 	EXP 	image: autoDraw = False
23.9983 	EXP 	fixation: autoDraw = False
23.9983 	EXP 	image: autoDraw = False
23.9983 	EXP 	text_norm: autoDraw = True
25.7617 	DATA 	Keypress: space
25.7721 	EXP 	text_norm: autoDraw = False
25.7721 	EXP 	text_countdown: autoDraw = True
35.7418 	EXP 	text_countdown: autoDraw = False
35.7418 	EXP 	text: autoDraw = True
38.2507 	EXP 	Imported color_images.xlsx as conditions, 24 conditions, 3 params
38.2518 	EXP 	Created sequence: random, trialTypes=24, nReps=1, seed=None
38.2520 	EXP 	New trial (rep=0, index=0): {'pic': 'Col10.JPG', 'correct_response': 'c', 'shown_before': 0}
38.2667 	DATA 	Keypress: space
38.2732 	EXP 	text: autoDraw = False
38.2732 	EXP 	img: image = 'Col10.JPG'
38.2732 	EXP 	img: autoDraw = True
40.2430 	EXP 	New trial (rep=0, index=1): {'pic': 'Col3.JPG', 'correct_response': 'c', 'shown_before': 1}
40.2599 	DATA 	Keypress: n
40.2665 	EXP 	img: autoDraw = False
40.2665 	EXP 	img: image = 'Col3.JPG'
40.2665 	EXP 	img: autoDraw = True
41.1773 	EXP 	New trial (rep=0, index=2): {'pic': 'Bnw10.JPG', 'correct_response': 'b', 'shown_before': 0}
41.2471 	DATA 	Keypress: y
41.2538 	EXP 	img: autoDraw = False
41.2538 	EXP 	img: image = 'Bnw10.JPG'
41.2538 	EXP 	img: autoDraw = True
42.6028 	EXP 	New trial (rep=0, index=3): {'pic': 'Col1.JPG', 'correct_response': 'c', 'shown_before': 1}
42.6304 	DATA 	Keypress: n
42.6371 	EXP 	img: autoDraw = False
42.6371 	EXP 	img: image = 'Col1.JPG'
42.6371 	EXP 	img: autoDraw = True
43.4443 	EXP 	New trial (rep=0, index=4): {'pic': 'Bnw3 .JPG', 'correct_response': 'b', 'shown_before': 1}
43.4654 	DATA 	Keypress: y
43.4720 	EXP 	img: autoDraw = False
43.4720 	EXP 	img: image = 'Bnw3 .JPG'
43.4720 	EXP 	img: autoDraw = True
45.2189 	EXP 	New trial (rep=0, index=5): {'pic': 'Bnw8.JPG', 'correct_response': 'b', 'shown_before': 0}
45.2441 	DATA 	Keypress: y
45.2506 	EXP 	img: autoDraw = False
45.2506 	EXP 	img: image = 'Bnw8.JPG'
45.2506 	EXP 	img: autoDraw = True
46.5611 	EXP 	New trial (rep=0, index=6): {'pic': 'Bnw9.JPG', 'correct_response': 'b', 'shown_before': 0}
46.5831 	DATA 	Keypress: n
46.5895 	EXP 	img: autoDraw = False
46.5895 	EXP 	img: image = 'Bnw9.JPG'
46.5895 	EXP 	img: autoDraw = True
48.1778 	EXP 	New trial (rep=0, index=7): {'pic': 'Col4.JPG', 'correct_response': 'c', 'shown_before': 1}
48.2069 	DATA 	Keypress: n
48.2134 	EXP 	img: autoDraw = False
48.2134 	EXP 	img: image = 'Col4.JPG'
48.2134 	EXP 	img: autoDraw = True
48.9259 	EXP 	New trial (rep=0, index=8): {'pic': 'Col5.JPG', 'correct_response': 'c', 'shown_before': 1}
48.9539 	DATA 	Keypress: n
48.9604 	EXP 	img: autoDraw = False
48.9604 	EXP 	img: image = 'Col5.JPG'
48.9604 	EXP 	img: autoDraw = True
49.1191 	EXP 	New trial (rep=0, index=9): {'pic': 'Bnw7.JPG', 'correct_response': 'b', 'shown_before': 0}
49.1569 	DATA 	Keypress: y
49.1633 	EXP 	img: autoDraw = False
49.1633 	EXP 	img: image = 'Bnw7.JPG'
49.1633 	EXP 	img: autoDraw = True
49.2585 	EXP 	New trial (rep=0, index=10): {'pic': 'Bnw11.JPG', 'correct_response': 'b', 'shown_before': 0}
49.2826 	DATA 	Keypress: n
49.2892 	EXP 	img: autoDraw = False
49.2892 	EXP 	img: image = 'Bnw11.JPG'
49.2892 	EXP 	img: autoDraw = True
49.3921 	EXP 	New trial (rep=0, index=11): {'pic': 'Col8.JPG', 'correct_response': 'c', 'shown_before': 0}
49.4027 	DATA 	Keypress: y
49.4090 	EXP 	img: autoDraw = False
49.4090 	EXP 	img: image = 'Col8.JPG'
49.4090 	EXP 	img: autoDraw = True
49.5093 	EXP 	New trial (rep=0, index=12): {'pic': 'Col9.JPG', 'correct_response': 'c', 'shown_before': 0}
49.5376 	DATA 	Keypress: n
49.5439 	EXP 	img: autoDraw = False
49.5439 	EXP 	img: image = 'Col9.JPG'
49.5439 	EXP 	img: autoDraw = True
49.5922 	EXP 	New trial (rep=0, index=13): {'pic': 'Bnw2.JPG', 'correct_response': 'b', 'shown_before': 1}
49.6030 	DATA 	Keypress: y
49.6091 	EXP 	img: autoDraw = False
49.6091 	EXP 	img: image = 'Bnw2.JPG'
49.6091 	EXP 	img: autoDraw = True
49.6918 	EXP 	New trial (rep=0, index=14): {'pic': 'Col2.JPG', 'correct_response': 'c', 'shown_before': 1}
49.7047 	DATA 	Keypress: n
49.7110 	EXP 	img: autoDraw = False
49.7110 	EXP 	img: image = 'Col2.JPG'
49.7110 	EXP 	img: autoDraw = True
49.7855 	EXP 	New trial (rep=0, index=15): {'pic': 'Col11.JPG', 'correct_response': 'c', 'shown_before': 0}
49.8087 	DATA 	Keypress: y
49.8148 	EXP 	img: autoDraw = False
49.8148 	EXP 	img: image = 'Col11.JPG'
49.8148 	EXP 	img: autoDraw = True
49.8579 	EXP 	New trial (rep=0, index=16): {'pic': 'Col7.jpg', 'correct_response': 'c', 'shown_before': 0}
49.9070 	DATA 	Keypress: n
49.9134 	EXP 	img: autoDraw = False
49.9134 	EXP 	img: image = 'Col7.jpg'
49.9134 	EXP 	img: autoDraw = True
49.9342 	EXP 	New trial (rep=0, index=17): {'pic': 'Bnw5.JPG', 'correct_response': 'b', 'shown_before': 1}
49.9421 	DATA 	Keypress: y
49.9480 	EXP 	img: autoDraw = False
49.9480 	EXP 	img: image = 'Bnw5.JPG'
49.9480 	EXP 	img: autoDraw = True
50.0078 	EXP 	New trial (rep=0, index=18): {'pic': 'Bnw1.jpeg', 'correct_response': 'b', 'shown_before': 1}
50.0148 	DATA 	Keypress: n
50.0213 	EXP 	img: autoDraw = False
50.0213 	EXP 	img: image = 'Bnw1.jpeg'
50.0213 	EXP 	img: autoDraw = True
50.0914 	EXP 	New trial (rep=0, index=19): {'pic': 'Bnw4.JPG', 'correct_response': 'b', 'shown_before': 1}
50.1100 	DATA 	Keypress: y
50.1161 	EXP 	img: autoDraw = False
50.1161 	EXP 	img: image = 'Bnw4.JPG'
50.1161 	EXP 	img: autoDraw = True
50.1515 	EXP 	New trial (rep=0, index=20): {'pic': 'Bnw12.JPG', 'correct_response': 'b', 'shown_before': 0}
50.1612 	DATA 	Keypress: n
50.1672 	EXP 	img: autoDraw = False
50.1672 	EXP 	img: image = 'Bnw12.JPG'
50.1672 	EXP 	img: autoDraw = True
50.2348 	EXP 	New trial (rep=0, index=21): {'pic': 'Bnw6.JPG', 'correct_response': 'b', 'shown_before': 1}
50.2495 	DATA 	Keypress: y
50.2555 	EXP 	img: autoDraw = False
50.2555 	EXP 	img: image = 'Bnw6.JPG'
50.2555 	EXP 	img: autoDraw = True
50.3021 	EXP 	New trial (rep=0, index=22): {'pic': 'Col6.JPG', 'correct_response': 'c', 'shown_before': 1}
50.3097 	DATA 	Keypress: n
50.3157 	EXP 	img: autoDraw = False
50.3157 	EXP 	img: image = 'Col6.JPG'
50.3157 	EXP 	img: autoDraw = True
50.3687 	EXP 	New trial (rep=0, index=23): {'pic': 'Col12.JPG', 'correct_response': 'c', 'shown_before': 0}
50.3906 	DATA 	Keypress: y
50.3968 	EXP 	img: autoDraw = False
50.3968 	EXP 	img: image = 'Col12.JPG'
50.3968 	EXP 	img: autoDraw = True
50.4525 	DATA 	Keypress: n
50.4567 	EXP 	img: autoDraw = False
50.4567 	EXP 	experiment: status = STOPPED
50.4879 	EXP 	window1: mouseVisible = True
